Arguments: 
  /Users/akorzunov/.nvm/versions/node/v9.0.0/bin/node /Users/akorzunov/.yarn/bin/yarn.js add memoize-state

PATH: 
  /Users/akorzunov/.yarn/bin:/Users/akorzunov/.nvm/versions/node/v9.0.0/bin:/usr/local/bin:/usr/bin:/bin:/usr/sbin:/sbin:/opt/X11/bin

Yarn version: 
  1.0.2

Node version: 
  9.0.0

Platform: 
  darwin x64

npm manifest: 
  {
    "name": "react-memoize",
    "version": "0.0.1",
    "description": "MapStateToProps on component level",
    "main": "dist/index.js",
    "types": "react-memoize.d.ts",
    "scripts": {
      "build": "babel src -d dist",
      "test": "npm run test:pick -- '_tests/**/*spec.js'",
      "test:pick": "BABEL_ENV=test mocha --require _tests/spinup/scaffolding --compilers js:babel-core/register -r jsdom-global/register",
      "prepublish": "npm run build",
      "lint": "eslint src tests",
      "lint:fix": "eslint src tests --fix",
      "storybook": "start-storybook -p 6006",
      "build-storybook": "build-storybook",
      "package-self": "package-self",
      "size": "npm run build && size-limit"
    },
    "repository": {
      "type": "git",
      "url": "git+https://github.com/theKashey/react-memoize.git"
    },
    "keywords": [
      "react",
      "memoize",
      "state",
      "renderprop"
    ],
    "author": "theKashey <thekashey@gmail.com>",
    "license": "MIT",
    "bugs": {
      "url": "https://github.com/theKashey/react-memoize/issues"
    },
    "peerDependencies": {
      "react": "^15.0.0 || ^16.0.0"
    },
    "devDependencies": {
      "@storybook/addon-actions": "^3.2.14",
      "@storybook/addon-links": "^3.2.14",
      "@storybook/react": "^3.2.14",
      "babel-cli": "^6.24.1",
      "babel-core": "^6.25.0",
      "babel-eslint": "^7.2.3",
      "babel-plugin-transform-class-properties": "6.24.1",
      "babel-polyfill": "^6.26.0",
      "babel-preset-env": "1.6.0",
      "babel-preset-react": "^6.24.1",
      "chai": "^4.1.0",
      "chai-enzyme": "^0.8.0",
      "enzyme": "^2.9.1",
      "eslint": "^4.2.0",
      "eslint-config-airbnb": "15.1.0",
      "eslint-plugin-import": "^2.7.0",
      "eslint-plugin-jsx-a11y": "6.0.2",
      "eslint-plugin-mocha": "^4.11.0",
      "eslint-plugin-react": "^7.3.0",
      "jsdom": "11.1.0",
      "jsdom-global": "3.0.2",
      "mocha": "^3.4.2",
      "package-self": "^1.1.1",
      "react": "^15.6.1",
      "react-dom": "^15.6.1",
      "react-hot-loader": "^3.0.0-beta.7",
      "react-test-renderer": "^15.6.1",
      "sinon": "3.2.1",
      "size-limit": "^0.14.1"
    },
    "homepage": "https://github.com/theKashey/react-memoize#readme",
    "dependencies": {
      "prop-types": "15.5.10",
    }
  }

yarn manifest: 
  No manifest

Lockfile: 
  No lockfile

Trace: 
  SyntaxError: /Users/akorzunov/dev/Z/mellis/github/utils/react-memoize/package.json: Unexpected token } in JSON at position 2169
      at JSON.parse (<anonymous>)
      at /Users/akorzunov/.yarn/lib/cli.js:797:57
      at Generator.next (<anonymous>)
      at step (/Users/akorzunov/.yarn/lib/cli.js:92:30)
      at /Users/akorzunov/.yarn/lib/cli.js:103:13
      at <anonymous>
